{"/Users/berni/Desktop/Codeworks/main-course/legacy-project/lukislukis/frontend/src/App.js": {"path":"/Users/berni/Desktop/Codeworks/main-course/legacy-project/lukislukis/frontend/src/App.js","statementMap":{"0":{"start":{"line":8,"column":15},"end":{"line":8,"column":47}},"1":{"start":{"line":11,"column":26},"end":{"line":11,"column":38}},"2":{"start":{"line":12,"column":45},"end":{"line":12,"column":65}},"3":{"start":{"line":14,"column":2},"end":{"line":18,"column":16}},"4":{"start":{"line":15,"column":4},"end":{"line":17,"column":5}},"5":{"start":{"line":16,"column":6},"end":{"line":16,"column":28}},"6":{"start":{"line":20,"column":2},"end":{"line":28,"column":38}},"7":{"start":{"line":21,"column":4},"end":{"line":27,"column":5}},"8":{"start":{"line":22,"column":6},"end":{"line":22,"column":30}},"9":{"start":{"line":23,"column":6},"end":{"line":23,"column":33}},"10":{"start":{"line":25,"column":6},"end":{"line":25,"column":27}},"11":{"start":{"line":26,"column":6},"end":{"line":26,"column":27}},"12":{"start":{"line":30,"column":17},"end":{"line":32,"column":3}},"13":{"start":{"line":31,"column":4},"end":{"line":31,"column":16}},"14":{"start":{"line":34,"column":2},"end":{"line":52,"column":4}}},"fnMap":{"0":{"name":"App","decl":{"start":{"line":10,"column":9},"end":{"line":10,"column":12}},"loc":{"start":{"line":10,"column":15},"end":{"line":53,"column":1}},"line":10},"1":{"name":"(anonymous_1)","decl":{"start":{"line":14,"column":12},"end":{"line":14,"column":13}},"loc":{"start":{"line":14,"column":18},"end":{"line":18,"column":3}},"line":14},"2":{"name":"(anonymous_2)","decl":{"start":{"line":20,"column":12},"end":{"line":20,"column":13}},"loc":{"start":{"line":20,"column":18},"end":{"line":28,"column":3}},"line":20},"3":{"name":"(anonymous_3)","decl":{"start":{"line":30,"column":17},"end":{"line":30,"column":18}},"loc":{"start":{"line":30,"column":23},"end":{"line":32,"column":3}},"line":30}},"branchMap":{"0":{"loc":{"start":{"line":15,"column":4},"end":{"line":17,"column":5}},"type":"if","locations":[{"start":{"line":15,"column":4},"end":{"line":17,"column":5}},{"start":{"line":15,"column":4},"end":{"line":17,"column":5}}],"line":15},"1":{"loc":{"start":{"line":21,"column":4},"end":{"line":27,"column":5}},"type":"if","locations":[{"start":{"line":21,"column":4},"end":{"line":27,"column":5}},{"start":{"line":21,"column":4},"end":{"line":27,"column":5}}],"line":21},"2":{"loc":{"start":{"line":37,"column":9},"end":{"line":49,"column":9}},"type":"cond-expr","locations":[{"start":{"line":38,"column":10},"end":{"line":46,"column":16}},{"start":{"line":48,"column":10},"end":{"line":48,"column":37}}],"line":37}},"s":{"0":1,"1":16,"2":16,"3":16,"4":12,"5":6,"6":16,"7":9,"8":3,"9":3,"10":6,"11":6,"12":16,"13":1,"14":16},"f":{"0":16,"1":12,"2":9,"3":1},"b":{"0":[6,6],"1":[3,6],"2":[9,7]},"_coverageSchema":"43e27e138ebf9cfc5966b082cf9a028302ed4184","hash":"8f4ab5b56c9034641bae384ebb6a597f93210b7b"}
,"/Users/berni/Desktop/Codeworks/main-course/legacy-project/lukislukis/frontend/src/index.js": {"path":"/Users/berni/Desktop/Codeworks/main-course/legacy-project/lukislukis/frontend/src/index.js","statementMap":{"0":{"start":{"line":6,"column":0},"end":{"line":11,"column":2}}},"fnMap":{},"branchMap":{},"s":{"0":0},"f":{},"b":{},"hash":"1ff15d0a9c50d6e576d4d305949e13fb65dfa878"}
,"/Users/berni/Desktop/Codeworks/main-course/legacy-project/lukislukis/frontend/src/Services/ApiService.js": {"path":"/Users/berni/Desktop/Codeworks/main-course/legacy-project/lukislukis/frontend/src/Services/ApiService.js","statementMap":{"0":{"start":{"line":1,"column":17},"end":{"line":1,"column":46}},"1":{"start":{"line":4,"column":14},"end":{"line":4,"column":69}},"2":{"start":{"line":5,"column":2},"end":{"line":5,"column":26}},"3":{"start":{"line":9,"column":14},"end":{"line":9,"column":38}},"4":{"start":{"line":10,"column":2},"end":{"line":16,"column":5}},"5":{"start":{"line":19,"column":20},"end":{"line":24,"column":1}},"6":{"start":{"line":20,"column":2},"end":{"line":23,"column":43}},"7":{"start":{"line":21,"column":20},"end":{"line":21,"column":64}},"8":{"start":{"line":22,"column":20},"end":{"line":22,"column":57}},"9":{"start":{"line":23,"column":22},"end":{"line":23,"column":41}}},"fnMap":{"0":{"name":"getResource","decl":{"start":{"line":3,"column":9},"end":{"line":3,"column":20}},"loc":{"start":{"line":3,"column":39},"end":{"line":6,"column":1}},"line":3},"1":{"name":"createResource","decl":{"start":{"line":8,"column":9},"end":{"line":8,"column":23}},"loc":{"start":{"line":8,"column":46},"end":{"line":17,"column":1}},"line":8},"2":{"name":"(anonymous_2)","decl":{"start":{"line":19,"column":20},"end":{"line":19,"column":21}},"loc":{"start":{"line":19,"column":44},"end":{"line":24,"column":1}},"line":19},"3":{"name":"(anonymous_3)","decl":{"start":{"line":21,"column":10},"end":{"line":21,"column":11}},"loc":{"start":{"line":21,"column":20},"end":{"line":21,"column":64}},"line":21},"4":{"name":"(anonymous_4)","decl":{"start":{"line":22,"column":10},"end":{"line":22,"column":11}},"loc":{"start":{"line":22,"column":20},"end":{"line":22,"column":57}},"line":22},"5":{"name":"(anonymous_5)","decl":{"start":{"line":23,"column":11},"end":{"line":23,"column":12}},"loc":{"start":{"line":23,"column":22},"end":{"line":23,"column":41}},"line":23}},"branchMap":{"0":{"loc":{"start":{"line":4,"column":42},"end":{"line":4,"column":68}},"type":"cond-expr","locations":[{"start":{"line":4,"column":51},"end":{"line":4,"column":63}},{"start":{"line":4,"column":66},"end":{"line":4,"column":68}}],"line":4},"1":{"loc":{"start":{"line":21,"column":20},"end":{"line":21,"column":64}},"type":"cond-expr","locations":[{"start":{"line":21,"column":39},"end":{"line":21,"column":42}},{"start":{"line":21,"column":45},"end":{"line":21,"column":64}}],"line":21},"2":{"loc":{"start":{"line":22,"column":20},"end":{"line":22,"column":57}},"type":"cond-expr","locations":[{"start":{"line":22,"column":41},"end":{"line":22,"column":51}},{"start":{"line":22,"column":54},"end":{"line":22,"column":57}}],"line":22}},"s":{"0":3,"1":3,"2":3,"3":2,"4":2,"5":3,"6":5,"7":5,"8":4,"9":1},"f":{"0":3,"1":2,"2":5,"3":5,"4":4,"5":1},"b":{"0":[1,2],"1":[4,1],"2":[3,1]},"_coverageSchema":"43e27e138ebf9cfc5966b082cf9a028302ed4184","hash":"a59eece36aac67dbf54261a1a45c2bc5a4542daa"}
,"/Users/berni/Desktop/Codeworks/main-course/legacy-project/lukislukis/frontend/src/components/Canvas/Canvas.js": {"path":"/Users/berni/Desktop/Codeworks/main-course/legacy-project/lukislukis/frontend/src/components/Canvas/Canvas.js","statementMap":{"0":{"start":{"line":8,"column":17},"end":{"line":8,"column":47}},"1":{"start":{"line":11,"column":30},"end":{"line":11,"column":42}},"2":{"start":{"line":12,"column":22},"end":{"line":12,"column":34}},"3":{"start":{"line":14,"column":21},"end":{"line":22,"column":3}},"4":{"start":{"line":15,"column":4},"end":{"line":21,"column":7}},"5":{"start":{"line":24,"column":2},"end":{"line":34,"column":23}},"6":{"start":{"line":25,"column":4},"end":{"line":25,"column":51}},"7":{"start":{"line":25,"column":38},"end":{"line":25,"column":49}},"8":{"start":{"line":26,"column":4},"end":{"line":33,"column":7}},"9":{"start":{"line":27,"column":6},"end":{"line":32,"column":7}},"10":{"start":{"line":28,"column":8},"end":{"line":31,"column":11}},"11":{"start":{"line":29,"column":10},"end":{"line":29,"column":28}},"12":{"start":{"line":30,"column":10},"end":{"line":30,"column":29}},"13":{"start":{"line":36,"column":2},"end":{"line":49,"column":9}},"14":{"start":{"line":37,"column":4},"end":{"line":48,"column":7}},"15":{"start":{"line":38,"column":6},"end":{"line":38,"column":22}},"16":{"start":{"line":39,"column":6},"end":{"line":47,"column":7}},"17":{"start":{"line":40,"column":29},"end":{"line":40,"column":41}},"18":{"start":{"line":41,"column":8},"end":{"line":44,"column":11}},"19":{"start":{"line":42,"column":10},"end":{"line":42,"column":34}},"20":{"start":{"line":43,"column":10},"end":{"line":43,"column":35}},"21":{"start":{"line":46,"column":8},"end":{"line":46,"column":32}},"22":{"start":{"line":51,"column":21},"end":{"line":68,"column":3}},"23":{"start":{"line":52,"column":4},"end":{"line":67,"column":10}},"24":{"start":{"line":53,"column":25},"end":{"line":53,"column":56}},"25":{"start":{"line":54,"column":6},"end":{"line":66,"column":7}},"26":{"start":{"line":55,"column":21},"end":{"line":58,"column":9}},"27":{"start":{"line":59,"column":8},"end":{"line":59,"column":57}},"28":{"start":{"line":60,"column":8},"end":{"line":63,"column":11}},"29":{"start":{"line":65,"column":8},"end":{"line":65,"column":42}},"30":{"start":{"line":70,"column":2},"end":{"line":84,"column":4}}},"fnMap":{"0":{"name":"Canvas","decl":{"start":{"line":10,"column":9},"end":{"line":10,"column":15}},"loc":{"start":{"line":10,"column":28},"end":{"line":85,"column":1}},"line":10},"1":{"name":"(anonymous_1)","decl":{"start":{"line":14,"column":21},"end":{"line":14,"column":22}},"loc":{"start":{"line":14,"column":27},"end":{"line":22,"column":3}},"line":14},"2":{"name":"(anonymous_2)","decl":{"start":{"line":24,"column":12},"end":{"line":24,"column":13}},"loc":{"start":{"line":24,"column":18},"end":{"line":34,"column":3}},"line":24},"3":{"name":"(anonymous_3)","decl":{"start":{"line":25,"column":28},"end":{"line":25,"column":29}},"loc":{"start":{"line":25,"column":38},"end":{"line":25,"column":49}},"line":25},"4":{"name":"(anonymous_4)","decl":{"start":{"line":26,"column":24},"end":{"line":26,"column":25}},"loc":{"start":{"line":26,"column":34},"end":{"line":33,"column":5}},"line":26},"5":{"name":"(anonymous_5)","decl":{"start":{"line":28,"column":51},"end":{"line":28,"column":52}},"loc":{"start":{"line":28,"column":57},"end":{"line":31,"column":9}},"line":28},"6":{"name":"(anonymous_6)","decl":{"start":{"line":36,"column":12},"end":{"line":36,"column":13}},"loc":{"start":{"line":36,"column":18},"end":{"line":49,"column":3}},"line":36},"7":{"name":"(anonymous_7)","decl":{"start":{"line":37,"column":47},"end":{"line":37,"column":48}},"loc":{"start":{"line":37,"column":57},"end":{"line":48,"column":5}},"line":37},"8":{"name":"(anonymous_8)","decl":{"start":{"line":41,"column":51},"end":{"line":41,"column":52}},"loc":{"start":{"line":41,"column":57},"end":{"line":44,"column":9}},"line":41},"9":{"name":"(anonymous_9)","decl":{"start":{"line":51,"column":21},"end":{"line":51,"column":22}},"loc":{"start":{"line":51,"column":27},"end":{"line":68,"column":3}},"line":51},"10":{"name":"(anonymous_10)","decl":{"start":{"line":52,"column":15},"end":{"line":52,"column":16}},"loc":{"start":{"line":52,"column":21},"end":{"line":67,"column":5}},"line":52}},"branchMap":{"0":{"loc":{"start":{"line":27,"column":6},"end":{"line":32,"column":7}},"type":"if","locations":[{"start":{"line":27,"column":6},"end":{"line":32,"column":7}},{"start":{"line":27,"column":6},"end":{"line":32,"column":7}}],"line":27},"1":{"loc":{"start":{"line":39,"column":6},"end":{"line":47,"column":7}},"type":"if","locations":[{"start":{"line":39,"column":6},"end":{"line":47,"column":7}},{"start":{"line":39,"column":6},"end":{"line":47,"column":7}}],"line":39},"2":{"loc":{"start":{"line":54,"column":6},"end":{"line":66,"column":7}},"type":"if","locations":[{"start":{"line":54,"column":6},"end":{"line":66,"column":7}},{"start":{"line":54,"column":6},"end":{"line":66,"column":7}}],"line":54},"3":{"loc":{"start":{"line":54,"column":10},"end":{"line":54,"column":48}},"type":"binary-expr","locations":[{"start":{"line":54,"column":10},"end":{"line":54,"column":16}},{"start":{"line":54,"column":20},"end":{"line":54,"column":48}}],"line":54}},"s":{"0":1,"1":21,"2":21,"3":21,"4":5,"5":21,"6":10,"7":10,"8":10,"9":10,"10":5,"11":5,"12":5,"13":21,"14":5,"15":5,"16":5,"17":4,"18":4,"19":4,"20":4,"21":1,"22":21,"23":1,"24":1,"25":1,"26":1,"27":1,"28":1,"29":0,"30":21},"f":{"0":21,"1":5,"2":10,"3":10,"4":10,"5":5,"6":5,"7":5,"8":4,"9":1,"10":1},"b":{"0":[5,5],"1":[4,1],"2":[1,0],"3":[1,1]},"_coverageSchema":"43e27e138ebf9cfc5966b082cf9a028302ed4184","hash":"8b0cca74ec83f7ae6b339673c5ee0751104cfdd4"}
,"/Users/berni/Desktop/Codeworks/main-course/legacy-project/lukislukis/frontend/src/components/Login/Login.js": {"path":"/Users/berni/Desktop/Codeworks/main-course/legacy-project/lukislukis/frontend/src/components/Login/Login.js","statementMap":{"0":{"start":{"line":5,"column":36},"end":{"line":5,"column":48}},"1":{"start":{"line":7,"column":23},"end":{"line":10,"column":3}},"2":{"start":{"line":8,"column":4},"end":{"line":8,"column":54}},"3":{"start":{"line":8,"column":20},"end":{"line":8,"column":54}},"4":{"start":{"line":9,"column":4},"end":{"line":9,"column":23}},"5":{"start":{"line":12,"column":27},"end":{"line":14,"column":3}},"6":{"start":{"line":13,"column":4},"end":{"line":13,"column":31}},"7":{"start":{"line":16,"column":2},"end":{"line":39,"column":4}}},"fnMap":{"0":{"name":"Login","decl":{"start":{"line":4,"column":9},"end":{"line":4,"column":14}},"loc":{"start":{"line":4,"column":28},"end":{"line":40,"column":1}},"line":4},"1":{"name":"(anonymous_1)","decl":{"start":{"line":7,"column":23},"end":{"line":7,"column":24}},"loc":{"start":{"line":7,"column":30},"end":{"line":10,"column":3}},"line":7},"2":{"name":"(anonymous_2)","decl":{"start":{"line":12,"column":27},"end":{"line":12,"column":28}},"loc":{"start":{"line":12,"column":43},"end":{"line":14,"column":3}},"line":12}},"branchMap":{"0":{"loc":{"start":{"line":8,"column":4},"end":{"line":8,"column":54}},"type":"if","locations":[{"start":{"line":8,"column":4},"end":{"line":8,"column":54}},{"start":{"line":8,"column":4},"end":{"line":8,"column":54}}],"line":8}},"s":{"0":6,"1":6,"2":2,"3":1,"4":1,"5":6,"6":2,"7":6},"f":{"0":6,"1":2,"2":2},"b":{"0":[1,1]},"_coverageSchema":"43e27e138ebf9cfc5966b082cf9a028302ed4184","hash":"3d57153e55cae1bcb1eabe61ef3b00aff41d85da"}
,"/Users/berni/Desktop/Codeworks/main-course/legacy-project/lukislukis/frontend/src/components/Tools/Tools.js": {"path":"/Users/berni/Desktop/Codeworks/main-course/legacy-project/lukislukis/frontend/src/components/Tools/Tools.js","statementMap":{"0":{"start":{"line":6,"column":36},"end":{"line":6,"column":47}},"1":{"start":{"line":7,"column":28},"end":{"line":7,"column":47}},"2":{"start":{"line":8,"column":40},"end":{"line":8,"column":54}},"3":{"start":{"line":10,"column":16},"end":{"line":13,"column":3}},"4":{"start":{"line":11,"column":4},"end":{"line":11,"column":19}},"5":{"start":{"line":12,"column":4},"end":{"line":12,"column":17}},"6":{"start":{"line":15,"column":22},"end":{"line":17,"column":3}},"7":{"start":{"line":16,"column":4},"end":{"line":16,"column":27}},"8":{"start":{"line":19,"column":26},"end":{"line":21,"column":3}},"9":{"start":{"line":20,"column":4},"end":{"line":20,"column":45}},"10":{"start":{"line":23,"column":26},"end":{"line":37,"column":3}},"11":{"start":{"line":23,"column":36},"end":{"line":37,"column":3}},"12":{"start":{"line":24,"column":4},"end":{"line":26,"column":5}},"13":{"start":{"line":25,"column":6},"end":{"line":25,"column":63}},"14":{"start":{"line":27,"column":4},"end":{"line":29,"column":5}},"15":{"start":{"line":28,"column":6},"end":{"line":28,"column":62}},"16":{"start":{"line":30,"column":4},"end":{"line":32,"column":5}},"17":{"start":{"line":31,"column":6},"end":{"line":31,"column":63}},"18":{"start":{"line":33,"column":4},"end":{"line":33,"column":46}},"19":{"start":{"line":34,"column":4},"end":{"line":34,"column":42}},"20":{"start":{"line":35,"column":4},"end":{"line":35,"column":25}},"21":{"start":{"line":36,"column":4},"end":{"line":36,"column":39}},"22":{"start":{"line":39,"column":28},"end":{"line":41,"column":3}},"23":{"start":{"line":40,"column":4},"end":{"line":40,"column":33}},"24":{"start":{"line":43,"column":2},"end":{"line":49,"column":93}},"25":{"start":{"line":44,"column":4},"end":{"line":48,"column":5}},"26":{"start":{"line":45,"column":6},"end":{"line":45,"column":48}},"27":{"start":{"line":46,"column":6},"end":{"line":46,"column":44}},"28":{"start":{"line":47,"column":6},"end":{"line":47,"column":41}},"29":{"start":{"line":51,"column":23},"end":{"line":64,"column":3}},"30":{"start":{"line":52,"column":4},"end":{"line":52,"column":26}},"31":{"start":{"line":53,"column":22},"end":{"line":53,"column":39}},"32":{"start":{"line":54,"column":4},"end":{"line":61,"column":7}},"33":{"start":{"line":62,"column":4},"end":{"line":62,"column":53}},"34":{"start":{"line":63,"column":4},"end":{"line":63,"column":17}},"35":{"start":{"line":66,"column":22},"end":{"line":79,"column":3}},"36":{"start":{"line":67,"column":4},"end":{"line":67,"column":26}},"37":{"start":{"line":68,"column":21},"end":{"line":68,"column":42}},"38":{"start":{"line":69,"column":4},"end":{"line":76,"column":7}},"39":{"start":{"line":77,"column":4},"end":{"line":77,"column":51}},"40":{"start":{"line":78,"column":4},"end":{"line":78,"column":17}},"41":{"start":{"line":81,"column":20},"end":{"line":92,"column":3}},"42":{"start":{"line":82,"column":4},"end":{"line":82,"column":26}},"43":{"start":{"line":83,"column":19},"end":{"line":83,"column":38}},"44":{"start":{"line":84,"column":4},"end":{"line":89,"column":7}},"45":{"start":{"line":90,"column":4},"end":{"line":90,"column":47}},"46":{"start":{"line":91,"column":4},"end":{"line":91,"column":17}},"47":{"start":{"line":94,"column":2},"end":{"line":132,"column":4}}},"fnMap":{"0":{"name":"Tools","decl":{"start":{"line":5,"column":9},"end":{"line":5,"column":14}},"loc":{"start":{"line":5,"column":39},"end":{"line":133,"column":1}},"line":5},"1":{"name":"(anonymous_1)","decl":{"start":{"line":10,"column":16},"end":{"line":10,"column":17}},"loc":{"start":{"line":10,"column":22},"end":{"line":13,"column":3}},"line":10},"2":{"name":"(anonymous_2)","decl":{"start":{"line":15,"column":22},"end":{"line":15,"column":23}},"loc":{"start":{"line":15,"column":38},"end":{"line":17,"column":3}},"line":15},"3":{"name":"(anonymous_3)","decl":{"start":{"line":19,"column":26},"end":{"line":19,"column":27}},"loc":{"start":{"line":19,"column":42},"end":{"line":21,"column":3}},"line":19},"4":{"name":"(anonymous_4)","decl":{"start":{"line":23,"column":26},"end":{"line":23,"column":27}},"loc":{"start":{"line":23,"column":36},"end":{"line":37,"column":3}},"line":23},"5":{"name":"(anonymous_5)","decl":{"start":{"line":23,"column":36},"end":{"line":23,"column":37}},"loc":{"start":{"line":23,"column":43},"end":{"line":37,"column":3}},"line":23},"6":{"name":"(anonymous_6)","decl":{"start":{"line":39,"column":28},"end":{"line":39,"column":29}},"loc":{"start":{"line":39,"column":34},"end":{"line":41,"column":3}},"line":39},"7":{"name":"(anonymous_7)","decl":{"start":{"line":43,"column":12},"end":{"line":43,"column":13}},"loc":{"start":{"line":43,"column":18},"end":{"line":49,"column":3}},"line":43},"8":{"name":"(anonymous_8)","decl":{"start":{"line":51,"column":23},"end":{"line":51,"column":24}},"loc":{"start":{"line":51,"column":29},"end":{"line":64,"column":3}},"line":51},"9":{"name":"(anonymous_9)","decl":{"start":{"line":66,"column":22},"end":{"line":66,"column":23}},"loc":{"start":{"line":66,"column":28},"end":{"line":79,"column":3}},"line":66},"10":{"name":"(anonymous_10)","decl":{"start":{"line":81,"column":20},"end":{"line":81,"column":21}},"loc":{"start":{"line":81,"column":26},"end":{"line":92,"column":3}},"line":81}},"branchMap":{"0":{"loc":{"start":{"line":24,"column":4},"end":{"line":26,"column":5}},"type":"if","locations":[{"start":{"line":24,"column":4},"end":{"line":26,"column":5}},{"start":{"line":24,"column":4},"end":{"line":26,"column":5}}],"line":24},"1":{"loc":{"start":{"line":27,"column":4},"end":{"line":29,"column":5}},"type":"if","locations":[{"start":{"line":27,"column":4},"end":{"line":29,"column":5}},{"start":{"line":27,"column":4},"end":{"line":29,"column":5}}],"line":27},"2":{"loc":{"start":{"line":30,"column":4},"end":{"line":32,"column":5}},"type":"if","locations":[{"start":{"line":30,"column":4},"end":{"line":32,"column":5}},{"start":{"line":30,"column":4},"end":{"line":32,"column":5}}],"line":30},"3":{"loc":{"start":{"line":44,"column":4},"end":{"line":48,"column":5}},"type":"if","locations":[{"start":{"line":44,"column":4},"end":{"line":48,"column":5}},{"start":{"line":44,"column":4},"end":{"line":48,"column":5}}],"line":44},"4":{"loc":{"start":{"line":97,"column":45},"end":{"line":97,"column":75}},"type":"cond-expr","locations":[{"start":{"line":97,"column":59},"end":{"line":97,"column":65}},{"start":{"line":97,"column":68},"end":{"line":97,"column":75}}],"line":97}},"s":{"0":21,"1":21,"2":21,"3":21,"4":1,"5":1,"6":21,"7":1,"8":21,"9":3,"10":21,"11":63,"12":3,"13":1,"14":3,"15":1,"16":3,"17":1,"18":3,"19":3,"20":3,"21":3,"22":21,"23":2,"24":21,"25":21,"26":10,"27":10,"28":10,"29":21,"30":1,"31":1,"32":1,"33":1,"34":1,"35":21,"36":1,"37":1,"38":1,"39":1,"40":1,"41":21,"42":2,"43":2,"44":2,"45":2,"46":2,"47":21},"f":{"0":21,"1":1,"2":1,"3":3,"4":63,"5":3,"6":2,"7":21,"8":1,"9":1,"10":2},"b":{"0":[1,2],"1":[1,2],"2":[1,2],"3":[10,11],"4":[16,5]},"_coverageSchema":"43e27e138ebf9cfc5966b082cf9a028302ed4184","hash":"ea9da05e5d375cfb38cf298a873fe9111eb4e0fb"}
,"/Users/berni/Desktop/Codeworks/main-course/legacy-project/lukislukis/frontend/src/components/UserList/UserList.js": {"path":"/Users/berni/Desktop/Codeworks/main-course/legacy-project/lukislukis/frontend/src/components/UserList/UserList.js","statementMap":{"0":{"start":{"line":4,"column":17},"end":{"line":26,"column":1}},"1":{"start":{"line":5,"column":34},"end":{"line":5,"column":46}},"2":{"start":{"line":7,"column":2},"end":{"line":11,"column":15}},"3":{"start":{"line":8,"column":4},"end":{"line":10,"column":7}},"4":{"start":{"line":9,"column":6},"end":{"line":9,"column":24}},"5":{"start":{"line":13,"column":2},"end":{"line":25,"column":4}},"6":{"start":{"line":20,"column":10},"end":{"line":22,"column":16}}},"fnMap":{"0":{"name":"(anonymous_0)","decl":{"start":{"line":4,"column":17},"end":{"line":4,"column":18}},"loc":{"start":{"line":4,"column":33},"end":{"line":26,"column":1}},"line":4},"1":{"name":"(anonymous_1)","decl":{"start":{"line":7,"column":12},"end":{"line":7,"column":13}},"loc":{"start":{"line":7,"column":18},"end":{"line":11,"column":3}},"line":7},"2":{"name":"(anonymous_2)","decl":{"start":{"line":8,"column":26},"end":{"line":8,"column":27}},"loc":{"start":{"line":8,"column":36},"end":{"line":10,"column":5}},"line":8},"3":{"name":"(anonymous_3)","decl":{"start":{"line":19,"column":21},"end":{"line":19,"column":22}},"loc":{"start":{"line":20,"column":10},"end":{"line":22,"column":16}},"line":20}},"branchMap":{"0":{"loc":{"start":{"line":18,"column":7},"end":{"line":23,"column":10}},"type":"binary-expr","locations":[{"start":{"line":18,"column":7},"end":{"line":18,"column":15}},{"start":{"line":19,"column":8},"end":{"line":23,"column":10}}],"line":18}},"s":{"0":1,"1":8,"2":8,"3":4,"4":4,"5":8,"6":6},"f":{"0":8,"1":4,"2":4,"3":6},"b":{"0":[8,8]},"_coverageSchema":"43e27e138ebf9cfc5966b082cf9a028302ed4184","hash":"f2a74216c8e9e2a7d42ddad97c894e6a87ed57ce"}
}
