{"/Users/berni/Desktop/Codeworks/main-course/legacy-project/lukislukis/frontend/src/App.js": {"path":"/Users/berni/Desktop/Codeworks/main-course/legacy-project/lukislukis/frontend/src/App.js","statementMap":{"0":{"start":{"line":8,"column":15},"end":{"line":8,"column":47}},"1":{"start":{"line":11,"column":26},"end":{"line":11,"column":38}},"2":{"start":{"line":12,"column":45},"end":{"line":12,"column":65}},"3":{"start":{"line":14,"column":2},"end":{"line":18,"column":16}},"4":{"start":{"line":15,"column":4},"end":{"line":17,"column":5}},"5":{"start":{"line":16,"column":6},"end":{"line":16,"column":28}},"6":{"start":{"line":20,"column":2},"end":{"line":28,"column":38}},"7":{"start":{"line":21,"column":4},"end":{"line":27,"column":5}},"8":{"start":{"line":22,"column":6},"end":{"line":22,"column":30}},"9":{"start":{"line":23,"column":6},"end":{"line":23,"column":33}},"10":{"start":{"line":25,"column":6},"end":{"line":25,"column":27}},"11":{"start":{"line":26,"column":6},"end":{"line":26,"column":27}},"12":{"start":{"line":30,"column":17},"end":{"line":32,"column":3}},"13":{"start":{"line":31,"column":4},"end":{"line":31,"column":16}},"14":{"start":{"line":34,"column":2},"end":{"line":52,"column":4}}},"fnMap":{"0":{"name":"App","decl":{"start":{"line":10,"column":9},"end":{"line":10,"column":12}},"loc":{"start":{"line":10,"column":15},"end":{"line":53,"column":1}},"line":10},"1":{"name":"(anonymous_1)","decl":{"start":{"line":14,"column":12},"end":{"line":14,"column":13}},"loc":{"start":{"line":14,"column":18},"end":{"line":18,"column":3}},"line":14},"2":{"name":"(anonymous_2)","decl":{"start":{"line":20,"column":12},"end":{"line":20,"column":13}},"loc":{"start":{"line":20,"column":18},"end":{"line":28,"column":3}},"line":20},"3":{"name":"(anonymous_3)","decl":{"start":{"line":30,"column":17},"end":{"line":30,"column":18}},"loc":{"start":{"line":30,"column":23},"end":{"line":32,"column":3}},"line":30}},"branchMap":{"0":{"loc":{"start":{"line":15,"column":4},"end":{"line":17,"column":5}},"type":"if","locations":[{"start":{"line":15,"column":4},"end":{"line":17,"column":5}},{"start":{"line":15,"column":4},"end":{"line":17,"column":5}}],"line":15},"1":{"loc":{"start":{"line":21,"column":4},"end":{"line":27,"column":5}},"type":"if","locations":[{"start":{"line":21,"column":4},"end":{"line":27,"column":5}},{"start":{"line":21,"column":4},"end":{"line":27,"column":5}}],"line":21},"2":{"loc":{"start":{"line":37,"column":9},"end":{"line":49,"column":9}},"type":"cond-expr","locations":[{"start":{"line":38,"column":10},"end":{"line":46,"column":16}},{"start":{"line":48,"column":10},"end":{"line":48,"column":37}}],"line":37}},"s":{"0":1,"1":11,"2":11,"3":11,"4":7,"5":3,"6":11,"7":6,"8":2,"9":2,"10":4,"11":4,"12":11,"13":1,"14":11},"f":{"0":11,"1":7,"2":6,"3":1},"b":{"0":[3,4],"1":[2,4],"2":[6,5]},"_coverageSchema":"43e27e138ebf9cfc5966b082cf9a028302ed4184","hash":"8f4ab5b56c9034641bae384ebb6a597f93210b7b"}
,"/Users/berni/Desktop/Codeworks/main-course/legacy-project/lukislukis/frontend/src/index.js": {"path":"/Users/berni/Desktop/Codeworks/main-course/legacy-project/lukislukis/frontend/src/index.js","statementMap":{"0":{"start":{"line":6,"column":0},"end":{"line":11,"column":2}}},"fnMap":{},"branchMap":{},"s":{"0":0},"f":{},"b":{},"hash":"1ff15d0a9c50d6e576d4d305949e13fb65dfa878"}
,"/Users/berni/Desktop/Codeworks/main-course/legacy-project/lukislukis/frontend/src/Services/ApiService.js": {"path":"/Users/berni/Desktop/Codeworks/main-course/legacy-project/lukislukis/frontend/src/Services/ApiService.js","statementMap":{"0":{"start":{"line":1,"column":17},"end":{"line":1,"column":46}},"1":{"start":{"line":4,"column":14},"end":{"line":4,"column":69}},"2":{"start":{"line":5,"column":2},"end":{"line":5,"column":26}},"3":{"start":{"line":9,"column":14},"end":{"line":9,"column":38}},"4":{"start":{"line":10,"column":2},"end":{"line":16,"column":5}},"5":{"start":{"line":19,"column":20},"end":{"line":24,"column":1}},"6":{"start":{"line":20,"column":2},"end":{"line":23,"column":43}},"7":{"start":{"line":21,"column":20},"end":{"line":21,"column":64}},"8":{"start":{"line":22,"column":20},"end":{"line":22,"column":57}},"9":{"start":{"line":23,"column":22},"end":{"line":23,"column":41}}},"fnMap":{"0":{"name":"getResource","decl":{"start":{"line":3,"column":9},"end":{"line":3,"column":20}},"loc":{"start":{"line":3,"column":39},"end":{"line":6,"column":1}},"line":3},"1":{"name":"createResource","decl":{"start":{"line":8,"column":9},"end":{"line":8,"column":23}},"loc":{"start":{"line":8,"column":46},"end":{"line":17,"column":1}},"line":8},"2":{"name":"(anonymous_2)","decl":{"start":{"line":19,"column":20},"end":{"line":19,"column":21}},"loc":{"start":{"line":19,"column":44},"end":{"line":24,"column":1}},"line":19},"3":{"name":"(anonymous_3)","decl":{"start":{"line":21,"column":10},"end":{"line":21,"column":11}},"loc":{"start":{"line":21,"column":20},"end":{"line":21,"column":64}},"line":21},"4":{"name":"(anonymous_4)","decl":{"start":{"line":22,"column":10},"end":{"line":22,"column":11}},"loc":{"start":{"line":22,"column":20},"end":{"line":22,"column":57}},"line":22},"5":{"name":"(anonymous_5)","decl":{"start":{"line":23,"column":11},"end":{"line":23,"column":12}},"loc":{"start":{"line":23,"column":22},"end":{"line":23,"column":41}},"line":23}},"branchMap":{"0":{"loc":{"start":{"line":4,"column":42},"end":{"line":4,"column":68}},"type":"cond-expr","locations":[{"start":{"line":4,"column":51},"end":{"line":4,"column":63}},{"start":{"line":4,"column":66},"end":{"line":4,"column":68}}],"line":4},"1":{"loc":{"start":{"line":21,"column":20},"end":{"line":21,"column":64}},"type":"cond-expr","locations":[{"start":{"line":21,"column":39},"end":{"line":21,"column":42}},{"start":{"line":21,"column":45},"end":{"line":21,"column":64}}],"line":21},"2":{"loc":{"start":{"line":22,"column":20},"end":{"line":22,"column":57}},"type":"cond-expr","locations":[{"start":{"line":22,"column":41},"end":{"line":22,"column":51}},{"start":{"line":22,"column":54},"end":{"line":22,"column":57}}],"line":22}},"s":{"0":4,"1":5,"2":5,"3":3,"4":3,"5":4,"6":8,"7":5,"8":4,"9":1},"f":{"0":5,"1":3,"2":8,"3":5,"4":4,"5":1},"b":{"0":[1,4],"1":[4,1],"2":[3,1]},"_coverageSchema":"43e27e138ebf9cfc5966b082cf9a028302ed4184","hash":"a59eece36aac67dbf54261a1a45c2bc5a4542daa"}
,"/Users/berni/Desktop/Codeworks/main-course/legacy-project/lukislukis/frontend/src/components/Canvas/Canvas.js": {"path":"/Users/berni/Desktop/Codeworks/main-course/legacy-project/lukislukis/frontend/src/components/Canvas/Canvas.js","statementMap":{"0":{"start":{"line":9,"column":30},"end":{"line":9,"column":42}},"1":{"start":{"line":10,"column":22},"end":{"line":10,"column":34}},"2":{"start":{"line":11,"column":26},"end":{"line":11,"column":38}},"3":{"start":{"line":13,"column":21},"end":{"line":21,"column":3}},"4":{"start":{"line":14,"column":4},"end":{"line":20,"column":7}},"5":{"start":{"line":23,"column":2},"end":{"line":37,"column":29}},"6":{"start":{"line":24,"column":4},"end":{"line":24,"column":28}},"7":{"start":{"line":25,"column":4},"end":{"line":36,"column":7}},"8":{"start":{"line":26,"column":6},"end":{"line":26,"column":26}},"9":{"start":{"line":26,"column":20},"end":{"line":26,"column":24}},"10":{"start":{"line":27,"column":6},"end":{"line":35,"column":7}},"11":{"start":{"line":28,"column":8},"end":{"line":34,"column":9}},"12":{"start":{"line":29,"column":10},"end":{"line":29,"column":39}},"13":{"start":{"line":30,"column":10},"end":{"line":30,"column":66}},"14":{"start":{"line":30,"column":41},"end":{"line":30,"column":63}},"15":{"start":{"line":33,"column":10},"end":{"line":33,"column":65}},"16":{"start":{"line":33,"column":41},"end":{"line":33,"column":62}},"17":{"start":{"line":39,"column":2},"end":{"line":49,"column":23}},"18":{"start":{"line":40,"column":4},"end":{"line":40,"column":51}},"19":{"start":{"line":40,"column":38},"end":{"line":40,"column":49}},"20":{"start":{"line":41,"column":4},"end":{"line":48,"column":7}},"21":{"start":{"line":42,"column":6},"end":{"line":47,"column":7}},"22":{"start":{"line":43,"column":8},"end":{"line":46,"column":11}},"23":{"start":{"line":44,"column":10},"end":{"line":44,"column":28}},"24":{"start":{"line":45,"column":10},"end":{"line":45,"column":29}},"25":{"start":{"line":51,"column":2},"end":{"line":64,"column":9}},"26":{"start":{"line":52,"column":4},"end":{"line":63,"column":7}},"27":{"start":{"line":53,"column":6},"end":{"line":53,"column":22}},"28":{"start":{"line":54,"column":6},"end":{"line":62,"column":7}},"29":{"start":{"line":55,"column":29},"end":{"line":55,"column":41}},"30":{"start":{"line":56,"column":8},"end":{"line":59,"column":11}},"31":{"start":{"line":57,"column":10},"end":{"line":57,"column":34}},"32":{"start":{"line":58,"column":10},"end":{"line":58,"column":35}},"33":{"start":{"line":61,"column":8},"end":{"line":61,"column":32}},"34":{"start":{"line":66,"column":21},"end":{"line":70,"column":3}},"35":{"start":{"line":67,"column":4},"end":{"line":69,"column":5}},"36":{"start":{"line":68,"column":6},"end":{"line":68,"column":32}},"37":{"start":{"line":72,"column":2},"end":{"line":91,"column":4}}},"fnMap":{"0":{"name":"Canvas","decl":{"start":{"line":8,"column":9},"end":{"line":8,"column":15}},"loc":{"start":{"line":8,"column":34},"end":{"line":92,"column":1}},"line":8},"1":{"name":"(anonymous_1)","decl":{"start":{"line":13,"column":21},"end":{"line":13,"column":22}},"loc":{"start":{"line":13,"column":27},"end":{"line":21,"column":3}},"line":13},"2":{"name":"(anonymous_2)","decl":{"start":{"line":23,"column":12},"end":{"line":23,"column":13}},"loc":{"start":{"line":23,"column":18},"end":{"line":37,"column":3}},"line":23},"3":{"name":"(anonymous_3)","decl":{"start":{"line":25,"column":23},"end":{"line":25,"column":24}},"loc":{"start":{"line":25,"column":33},"end":{"line":36,"column":5}},"line":25},"4":{"name":"(anonymous_4)","decl":{"start":{"line":26,"column":14},"end":{"line":26,"column":15}},"loc":{"start":{"line":26,"column":20},"end":{"line":26,"column":24}},"line":26},"5":{"name":"(anonymous_5)","decl":{"start":{"line":30,"column":31},"end":{"line":30,"column":32}},"loc":{"start":{"line":30,"column":41},"end":{"line":30,"column":63}},"line":30},"6":{"name":"(anonymous_6)","decl":{"start":{"line":33,"column":31},"end":{"line":33,"column":32}},"loc":{"start":{"line":33,"column":41},"end":{"line":33,"column":62}},"line":33},"7":{"name":"(anonymous_7)","decl":{"start":{"line":39,"column":12},"end":{"line":39,"column":13}},"loc":{"start":{"line":39,"column":18},"end":{"line":49,"column":3}},"line":39},"8":{"name":"(anonymous_8)","decl":{"start":{"line":40,"column":28},"end":{"line":40,"column":29}},"loc":{"start":{"line":40,"column":38},"end":{"line":40,"column":49}},"line":40},"9":{"name":"(anonymous_9)","decl":{"start":{"line":41,"column":24},"end":{"line":41,"column":25}},"loc":{"start":{"line":41,"column":34},"end":{"line":48,"column":5}},"line":41},"10":{"name":"(anonymous_10)","decl":{"start":{"line":43,"column":51},"end":{"line":43,"column":52}},"loc":{"start":{"line":43,"column":57},"end":{"line":46,"column":9}},"line":43},"11":{"name":"(anonymous_11)","decl":{"start":{"line":51,"column":12},"end":{"line":51,"column":13}},"loc":{"start":{"line":51,"column":18},"end":{"line":64,"column":3}},"line":51},"12":{"name":"(anonymous_12)","decl":{"start":{"line":52,"column":47},"end":{"line":52,"column":48}},"loc":{"start":{"line":52,"column":57},"end":{"line":63,"column":5}},"line":52},"13":{"name":"(anonymous_13)","decl":{"start":{"line":56,"column":51},"end":{"line":56,"column":52}},"loc":{"start":{"line":56,"column":57},"end":{"line":59,"column":9}},"line":56},"14":{"name":"(anonymous_14)","decl":{"start":{"line":66,"column":21},"end":{"line":66,"column":22}},"loc":{"start":{"line":66,"column":27},"end":{"line":70,"column":3}},"line":66}},"branchMap":{"0":{"loc":{"start":{"line":27,"column":6},"end":{"line":35,"column":7}},"type":"if","locations":[{"start":{"line":27,"column":6},"end":{"line":35,"column":7}},{"start":{"line":27,"column":6},"end":{"line":35,"column":7}}],"line":27},"1":{"loc":{"start":{"line":28,"column":8},"end":{"line":34,"column":9}},"type":"if","locations":[{"start":{"line":28,"column":8},"end":{"line":34,"column":9}},{"start":{"line":28,"column":8},"end":{"line":34,"column":9}}],"line":28},"2":{"loc":{"start":{"line":28,"column":12},"end":{"line":28,"column":43}},"type":"binary-expr","locations":[{"start":{"line":28,"column":12},"end":{"line":28,"column":21}},{"start":{"line":28,"column":25},"end":{"line":28,"column":43}}],"line":28},"3":{"loc":{"start":{"line":42,"column":6},"end":{"line":47,"column":7}},"type":"if","locations":[{"start":{"line":42,"column":6},"end":{"line":47,"column":7}},{"start":{"line":42,"column":6},"end":{"line":47,"column":7}}],"line":42},"4":{"loc":{"start":{"line":54,"column":6},"end":{"line":62,"column":7}},"type":"if","locations":[{"start":{"line":54,"column":6},"end":{"line":62,"column":7}},{"start":{"line":54,"column":6},"end":{"line":62,"column":7}}],"line":54},"5":{"loc":{"start":{"line":67,"column":4},"end":{"line":69,"column":5}},"type":"if","locations":[{"start":{"line":67,"column":4},"end":{"line":69,"column":5}},{"start":{"line":67,"column":4},"end":{"line":69,"column":5}}],"line":67},"6":{"loc":{"start":{"line":85,"column":7},"end":{"line":89,"column":7}},"type":"cond-expr","locations":[{"start":{"line":86,"column":8},"end":{"line":86,"column":80}},{"start":{"line":88,"column":8},"end":{"line":88,"column":19}}],"line":85}},"s":{"0":43,"1":43,"2":43,"3":43,"4":8,"5":43,"6":18,"7":18,"8":16,"9":15,"10":16,"11":8,"12":6,"13":6,"14":0,"15":2,"16":0,"17":43,"18":18,"19":4,"20":18,"21":4,"22":2,"23":2,"24":2,"25":43,"26":10,"27":8,"28":8,"29":7,"30":7,"31":7,"32":7,"33":1,"34":43,"35":2,"36":1,"37":43},"f":{"0":43,"1":8,"2":18,"3":16,"4":15,"5":0,"6":0,"7":18,"8":4,"9":4,"10":2,"11":10,"12":8,"13":7,"14":2},"b":{"0":[8,8],"1":[6,2],"2":[8,6],"3":[2,2],"4":[7,1],"5":[1,1],"6":[24,19]},"_coverageSchema":"43e27e138ebf9cfc5966b082cf9a028302ed4184","hash":"ad02834f2b001a776576b909f2a9d03e8f473dbc"}
,"/Users/berni/Desktop/Codeworks/main-course/legacy-project/lukislukis/frontend/src/components/Login/Login.js": {"path":"/Users/berni/Desktop/Codeworks/main-course/legacy-project/lukislukis/frontend/src/components/Login/Login.js","statementMap":{"0":{"start":{"line":5,"column":36},"end":{"line":5,"column":48}},"1":{"start":{"line":7,"column":23},"end":{"line":10,"column":3}},"2":{"start":{"line":8,"column":4},"end":{"line":8,"column":54}},"3":{"start":{"line":8,"column":20},"end":{"line":8,"column":54}},"4":{"start":{"line":9,"column":4},"end":{"line":9,"column":23}},"5":{"start":{"line":12,"column":27},"end":{"line":14,"column":3}},"6":{"start":{"line":13,"column":4},"end":{"line":13,"column":31}},"7":{"start":{"line":16,"column":2},"end":{"line":39,"column":4}}},"fnMap":{"0":{"name":"Login","decl":{"start":{"line":4,"column":9},"end":{"line":4,"column":14}},"loc":{"start":{"line":4,"column":28},"end":{"line":40,"column":1}},"line":4},"1":{"name":"(anonymous_1)","decl":{"start":{"line":7,"column":23},"end":{"line":7,"column":24}},"loc":{"start":{"line":7,"column":30},"end":{"line":10,"column":3}},"line":7},"2":{"name":"(anonymous_2)","decl":{"start":{"line":12,"column":27},"end":{"line":12,"column":28}},"loc":{"start":{"line":12,"column":43},"end":{"line":14,"column":3}},"line":12}},"branchMap":{"0":{"loc":{"start":{"line":8,"column":4},"end":{"line":8,"column":54}},"type":"if","locations":[{"start":{"line":8,"column":4},"end":{"line":8,"column":54}},{"start":{"line":8,"column":4},"end":{"line":8,"column":54}}],"line":8}},"s":{"0":12,"1":12,"2":3,"3":1,"4":2,"5":12,"6":3,"7":12},"f":{"0":12,"1":3,"2":3},"b":{"0":[1,2]},"_coverageSchema":"43e27e138ebf9cfc5966b082cf9a028302ed4184","hash":"3d57153e55cae1bcb1eabe61ef3b00aff41d85da"}
,"/Users/berni/Desktop/Codeworks/main-course/legacy-project/lukislukis/frontend/src/components/Tools/Tools.js": {"path":"/Users/berni/Desktop/Codeworks/main-course/legacy-project/lukislukis/frontend/src/components/Tools/Tools.js","statementMap":{"0":{"start":{"line":6,"column":17},"end":{"line":6,"column":47}},"1":{"start":{"line":9,"column":36},"end":{"line":9,"column":48}},"2":{"start":{"line":10,"column":28},"end":{"line":10,"column":47}},"3":{"start":{"line":11,"column":40},"end":{"line":11,"column":54}},"4":{"start":{"line":13,"column":15},"end":{"line":28,"column":3}},"5":{"start":{"line":14,"column":23},"end":{"line":14,"column":54}},"6":{"start":{"line":15,"column":4},"end":{"line":27,"column":5}},"7":{"start":{"line":16,"column":19},"end":{"line":19,"column":7}},"8":{"start":{"line":20,"column":6},"end":{"line":20,"column":55}},"9":{"start":{"line":21,"column":6},"end":{"line":24,"column":9}},"10":{"start":{"line":26,"column":6},"end":{"line":26,"column":40}},"11":{"start":{"line":30,"column":21},"end":{"line":32,"column":3}},"12":{"start":{"line":31,"column":4},"end":{"line":31,"column":57}},"13":{"start":{"line":34,"column":16},"end":{"line":37,"column":3}},"14":{"start":{"line":35,"column":4},"end":{"line":35,"column":17}},"15":{"start":{"line":36,"column":4},"end":{"line":36,"column":19}},"16":{"start":{"line":39,"column":21},"end":{"line":43,"column":3}},"17":{"start":{"line":40,"column":4},"end":{"line":42,"column":5}},"18":{"start":{"line":41,"column":6},"end":{"line":41,"column":32}},"19":{"start":{"line":45,"column":22},"end":{"line":47,"column":3}},"20":{"start":{"line":46,"column":4},"end":{"line":46,"column":27}},"21":{"start":{"line":49,"column":26},"end":{"line":51,"column":3}},"22":{"start":{"line":50,"column":4},"end":{"line":50,"column":45}},"23":{"start":{"line":53,"column":26},"end":{"line":67,"column":3}},"24":{"start":{"line":53,"column":36},"end":{"line":67,"column":3}},"25":{"start":{"line":54,"column":4},"end":{"line":56,"column":5}},"26":{"start":{"line":55,"column":6},"end":{"line":55,"column":63}},"27":{"start":{"line":57,"column":4},"end":{"line":59,"column":5}},"28":{"start":{"line":58,"column":6},"end":{"line":58,"column":62}},"29":{"start":{"line":60,"column":4},"end":{"line":62,"column":5}},"30":{"start":{"line":61,"column":6},"end":{"line":61,"column":63}},"31":{"start":{"line":63,"column":4},"end":{"line":63,"column":46}},"32":{"start":{"line":64,"column":4},"end":{"line":64,"column":42}},"33":{"start":{"line":65,"column":4},"end":{"line":65,"column":25}},"34":{"start":{"line":66,"column":4},"end":{"line":66,"column":39}},"35":{"start":{"line":69,"column":28},"end":{"line":71,"column":3}},"36":{"start":{"line":70,"column":4},"end":{"line":70,"column":33}},"37":{"start":{"line":73,"column":2},"end":{"line":79,"column":93}},"38":{"start":{"line":74,"column":4},"end":{"line":78,"column":5}},"39":{"start":{"line":75,"column":6},"end":{"line":75,"column":48}},"40":{"start":{"line":76,"column":6},"end":{"line":76,"column":44}},"41":{"start":{"line":77,"column":6},"end":{"line":77,"column":41}},"42":{"start":{"line":81,"column":23},"end":{"line":93,"column":3}},"43":{"start":{"line":82,"column":4},"end":{"line":82,"column":26}},"44":{"start":{"line":83,"column":17},"end":{"line":83,"column":34}},"45":{"start":{"line":84,"column":4},"end":{"line":91,"column":7}},"46":{"start":{"line":92,"column":4},"end":{"line":92,"column":43}},"47":{"start":{"line":95,"column":22},"end":{"line":107,"column":3}},"48":{"start":{"line":96,"column":4},"end":{"line":96,"column":26}},"49":{"start":{"line":97,"column":21},"end":{"line":97,"column":42}},"50":{"start":{"line":98,"column":4},"end":{"line":105,"column":7}},"51":{"start":{"line":106,"column":4},"end":{"line":106,"column":51}},"52":{"start":{"line":109,"column":20},"end":{"line":120,"column":3}},"53":{"start":{"line":110,"column":4},"end":{"line":110,"column":26}},"54":{"start":{"line":111,"column":19},"end":{"line":111,"column":38}},"55":{"start":{"line":112,"column":4},"end":{"line":117,"column":7}},"56":{"start":{"line":118,"column":4},"end":{"line":118,"column":35}},"57":{"start":{"line":119,"column":4},"end":{"line":119,"column":47}},"58":{"start":{"line":122,"column":2},"end":{"line":163,"column":4}}},"fnMap":{"0":{"name":"Tools","decl":{"start":{"line":8,"column":9},"end":{"line":8,"column":14}},"loc":{"start":{"line":8,"column":51},"end":{"line":164,"column":1}},"line":8},"1":{"name":"(anonymous_1)","decl":{"start":{"line":13,"column":15},"end":{"line":13,"column":16}},"loc":{"start":{"line":13,"column":21},"end":{"line":28,"column":3}},"line":13},"2":{"name":"(anonymous_2)","decl":{"start":{"line":30,"column":21},"end":{"line":30,"column":22}},"loc":{"start":{"line":30,"column":27},"end":{"line":32,"column":3}},"line":30},"3":{"name":"(anonymous_3)","decl":{"start":{"line":34,"column":16},"end":{"line":34,"column":17}},"loc":{"start":{"line":34,"column":22},"end":{"line":37,"column":3}},"line":34},"4":{"name":"(anonymous_4)","decl":{"start":{"line":39,"column":21},"end":{"line":39,"column":22}},"loc":{"start":{"line":39,"column":27},"end":{"line":43,"column":3}},"line":39},"5":{"name":"(anonymous_5)","decl":{"start":{"line":45,"column":22},"end":{"line":45,"column":23}},"loc":{"start":{"line":45,"column":38},"end":{"line":47,"column":3}},"line":45},"6":{"name":"(anonymous_6)","decl":{"start":{"line":49,"column":26},"end":{"line":49,"column":27}},"loc":{"start":{"line":49,"column":42},"end":{"line":51,"column":3}},"line":49},"7":{"name":"(anonymous_7)","decl":{"start":{"line":53,"column":26},"end":{"line":53,"column":27}},"loc":{"start":{"line":53,"column":36},"end":{"line":67,"column":3}},"line":53},"8":{"name":"(anonymous_8)","decl":{"start":{"line":53,"column":36},"end":{"line":53,"column":37}},"loc":{"start":{"line":53,"column":43},"end":{"line":67,"column":3}},"line":53},"9":{"name":"(anonymous_9)","decl":{"start":{"line":69,"column":28},"end":{"line":69,"column":29}},"loc":{"start":{"line":69,"column":34},"end":{"line":71,"column":3}},"line":69},"10":{"name":"(anonymous_10)","decl":{"start":{"line":73,"column":12},"end":{"line":73,"column":13}},"loc":{"start":{"line":73,"column":18},"end":{"line":79,"column":3}},"line":73},"11":{"name":"(anonymous_11)","decl":{"start":{"line":81,"column":23},"end":{"line":81,"column":24}},"loc":{"start":{"line":81,"column":29},"end":{"line":93,"column":3}},"line":81},"12":{"name":"(anonymous_12)","decl":{"start":{"line":95,"column":22},"end":{"line":95,"column":23}},"loc":{"start":{"line":95,"column":28},"end":{"line":107,"column":3}},"line":95},"13":{"name":"(anonymous_13)","decl":{"start":{"line":109,"column":20},"end":{"line":109,"column":21}},"loc":{"start":{"line":109,"column":26},"end":{"line":120,"column":3}},"line":109}},"branchMap":{"0":{"loc":{"start":{"line":15,"column":4},"end":{"line":27,"column":5}},"type":"if","locations":[{"start":{"line":15,"column":4},"end":{"line":27,"column":5}},{"start":{"line":15,"column":4},"end":{"line":27,"column":5}}],"line":15},"1":{"loc":{"start":{"line":15,"column":8},"end":{"line":15,"column":46}},"type":"binary-expr","locations":[{"start":{"line":15,"column":8},"end":{"line":15,"column":14}},{"start":{"line":15,"column":18},"end":{"line":15,"column":46}}],"line":15},"2":{"loc":{"start":{"line":31,"column":11},"end":{"line":31,"column":56}},"type":"binary-expr","locations":[{"start":{"line":31,"column":11},"end":{"line":31,"column":29}},{"start":{"line":31,"column":33},"end":{"line":31,"column":56}}],"line":31},"3":{"loc":{"start":{"line":40,"column":4},"end":{"line":42,"column":5}},"type":"if","locations":[{"start":{"line":40,"column":4},"end":{"line":42,"column":5}},{"start":{"line":40,"column":4},"end":{"line":42,"column":5}}],"line":40},"4":{"loc":{"start":{"line":54,"column":4},"end":{"line":56,"column":5}},"type":"if","locations":[{"start":{"line":54,"column":4},"end":{"line":56,"column":5}},{"start":{"line":54,"column":4},"end":{"line":56,"column":5}}],"line":54},"5":{"loc":{"start":{"line":57,"column":4},"end":{"line":59,"column":5}},"type":"if","locations":[{"start":{"line":57,"column":4},"end":{"line":59,"column":5}},{"start":{"line":57,"column":4},"end":{"line":59,"column":5}}],"line":57},"6":{"loc":{"start":{"line":60,"column":4},"end":{"line":62,"column":5}},"type":"if","locations":[{"start":{"line":60,"column":4},"end":{"line":62,"column":5}},{"start":{"line":60,"column":4},"end":{"line":62,"column":5}}],"line":60},"7":{"loc":{"start":{"line":74,"column":4},"end":{"line":78,"column":5}},"type":"if","locations":[{"start":{"line":74,"column":4},"end":{"line":78,"column":5}},{"start":{"line":74,"column":4},"end":{"line":78,"column":5}}],"line":74},"8":{"loc":{"start":{"line":125,"column":45},"end":{"line":125,"column":75}},"type":"cond-expr","locations":[{"start":{"line":125,"column":59},"end":{"line":125,"column":65}},{"start":{"line":125,"column":68},"end":{"line":125,"column":75}}],"line":125}},"s":{"0":2,"1":31,"2":31,"3":31,"4":31,"5":2,"6":2,"7":1,"8":1,"9":1,"10":1,"11":31,"12":62,"13":31,"14":2,"15":2,"16":31,"17":2,"18":1,"19":31,"20":1,"21":31,"22":3,"23":31,"24":93,"25":3,"26":1,"27":3,"28":1,"29":3,"30":1,"31":3,"32":3,"33":3,"34":3,"35":31,"36":2,"37":31,"38":29,"39":16,"40":16,"41":16,"42":31,"43":1,"44":1,"45":1,"46":1,"47":31,"48":1,"49":1,"50":1,"51":1,"52":31,"53":3,"54":3,"55":3,"56":3,"57":3,"58":31},"f":{"0":31,"1":2,"2":62,"3":2,"4":2,"5":1,"6":3,"7":93,"8":3,"9":2,"10":29,"11":1,"12":1,"13":3},"b":{"0":[1,1],"1":[2,2],"2":[62,16],"3":[1,1],"4":[1,2],"5":[1,2],"6":[1,2],"7":[16,13],"8":[25,6]},"_coverageSchema":"43e27e138ebf9cfc5966b082cf9a028302ed4184","hash":"8a2acdcef1250a687d767efd0c4e0814e88d8f9b"}
,"/Users/berni/Desktop/Codeworks/main-course/legacy-project/lukislukis/frontend/src/components/UserList/UserList.js": {"path":"/Users/berni/Desktop/Codeworks/main-course/legacy-project/lukislukis/frontend/src/components/UserList/UserList.js","statementMap":{"0":{"start":{"line":4,"column":17},"end":{"line":26,"column":1}},"1":{"start":{"line":5,"column":34},"end":{"line":5,"column":46}},"2":{"start":{"line":7,"column":2},"end":{"line":11,"column":15}},"3":{"start":{"line":8,"column":4},"end":{"line":10,"column":7}},"4":{"start":{"line":9,"column":6},"end":{"line":9,"column":24}},"5":{"start":{"line":13,"column":2},"end":{"line":25,"column":4}},"6":{"start":{"line":20,"column":10},"end":{"line":22,"column":16}}},"fnMap":{"0":{"name":"(anonymous_0)","decl":{"start":{"line":4,"column":17},"end":{"line":4,"column":18}},"loc":{"start":{"line":4,"column":33},"end":{"line":26,"column":1}},"line":4},"1":{"name":"(anonymous_1)","decl":{"start":{"line":7,"column":12},"end":{"line":7,"column":13}},"loc":{"start":{"line":7,"column":18},"end":{"line":11,"column":3}},"line":7},"2":{"name":"(anonymous_2)","decl":{"start":{"line":8,"column":26},"end":{"line":8,"column":27}},"loc":{"start":{"line":8,"column":36},"end":{"line":10,"column":5}},"line":8},"3":{"name":"(anonymous_3)","decl":{"start":{"line":19,"column":21},"end":{"line":19,"column":22}},"loc":{"start":{"line":20,"column":10},"end":{"line":22,"column":16}},"line":20}},"branchMap":{"0":{"loc":{"start":{"line":18,"column":7},"end":{"line":23,"column":10}},"type":"binary-expr","locations":[{"start":{"line":18,"column":7},"end":{"line":18,"column":15}},{"start":{"line":19,"column":8},"end":{"line":23,"column":10}}],"line":18}},"s":{"0":2,"1":12,"2":12,"3":6,"4":4,"5":12,"6":6},"f":{"0":12,"1":6,"2":4,"3":6},"b":{"0":[12,12]},"_coverageSchema":"43e27e138ebf9cfc5966b082cf9a028302ed4184","hash":"f2a74216c8e9e2a7d42ddad97c894e6a87ed57ce"}
}
