TN:
SF:/Users/berni/Desktop/Codeworks/main-course/legacy-project/lukislukis/frontend/src/App.js
FN:10,App
FN:14,(anonymous_1)
FN:20,(anonymous_2)
FN:30,(anonymous_3)
FNF:4
FNH:4
FNDA:11,App
FNDA:7,(anonymous_1)
FNDA:6,(anonymous_2)
FNDA:1,(anonymous_3)
DA:8,1
DA:11,11
DA:12,11
DA:14,11
DA:15,7
DA:16,3
DA:20,11
DA:21,6
DA:22,2
DA:23,2
DA:25,4
DA:26,4
DA:30,11
DA:31,1
DA:34,11
LF:15
LH:15
BRDA:15,0,0,3
BRDA:15,0,1,4
BRDA:21,1,0,2
BRDA:21,1,1,4
BRDA:37,2,0,6
BRDA:37,2,1,5
BRF:6
BRH:6
end_of_record
TN:
SF:/Users/berni/Desktop/Codeworks/main-course/legacy-project/lukislukis/frontend/src/index.js
FNF:0
FNH:0
DA:7,0
LF:1
LH:0
BRF:0
BRH:0
end_of_record
TN:
SF:/Users/berni/Desktop/Codeworks/main-course/legacy-project/lukislukis/frontend/src/Services/ApiService.js
FN:3,getResource
FN:8,createResource
FN:19,(anonymous_2)
FN:21,(anonymous_3)
FN:22,(anonymous_4)
FN:23,(anonymous_5)
FNF:6
FNH:6
FNDA:10,getResource
FNDA:3,createResource
FNDA:13,(anonymous_2)
FNDA:3,(anonymous_3)
FNDA:2,(anonymous_4)
FNDA:3,(anonymous_5)
DA:1,4
DA:4,10
DA:5,10
DA:9,3
DA:10,3
DA:19,4
DA:20,13
DA:21,3
DA:22,2
DA:23,3
LF:10
LH:10
BRDA:4,0,0,0
BRDA:4,0,1,10
BRDA:21,1,0,2
BRDA:21,1,1,1
BRDA:22,2,0,2
BRDA:22,2,1,0
BRF:6
BRH:4
end_of_record
TN:
SF:/Users/berni/Desktop/Codeworks/main-course/legacy-project/lukislukis/frontend/src/components/Canvas/Canvas.js
FN:8,Canvas
FN:13,(anonymous_1)
FN:23,(anonymous_2)
FN:25,(anonymous_3)
FN:26,(anonymous_4)
FN:30,(anonymous_5)
FN:33,(anonymous_6)
FN:39,(anonymous_7)
FN:40,(anonymous_8)
FN:41,(anonymous_9)
FN:43,(anonymous_10)
FN:51,(anonymous_11)
FN:52,(anonymous_12)
FN:56,(anonymous_13)
FN:66,(anonymous_14)
FNF:15
FNH:8
FNDA:18,Canvas
FNDA:0,(anonymous_1)
FNDA:9,(anonymous_2)
FNDA:7,(anonymous_3)
FNDA:7,(anonymous_4)
FNDA:0,(anonymous_5)
FNDA:0,(anonymous_6)
FNDA:9,(anonymous_7)
FNDA:0,(anonymous_8)
FNDA:0,(anonymous_9)
FNDA:0,(anonymous_10)
FNDA:9,(anonymous_11)
FNDA:2,(anonymous_12)
FNDA:0,(anonymous_13)
FNDA:2,(anonymous_14)
DA:9,18
DA:10,18
DA:11,18
DA:13,18
DA:14,0
DA:23,18
DA:24,9
DA:25,9
DA:26,7
DA:27,7
DA:28,0
DA:29,0
DA:30,0
DA:33,0
DA:39,18
DA:40,9
DA:41,9
DA:42,0
DA:43,0
DA:44,0
DA:45,0
DA:51,18
DA:52,9
DA:53,2
DA:54,0
DA:55,0
DA:56,0
DA:57,0
DA:58,0
DA:61,0
DA:66,18
DA:67,2
DA:68,1
DA:72,18
LF:34
LH:19
BRDA:27,0,0,0
BRDA:27,0,1,7
BRDA:28,1,0,0
BRDA:28,1,1,0
BRDA:28,2,0,0
BRDA:28,2,1,0
BRDA:42,3,0,0
BRDA:42,3,1,0
BRDA:54,4,0,0
BRDA:54,4,1,0
BRDA:67,5,0,1
BRDA:67,5,1,1
BRDA:85,6,0,5
BRDA:85,6,1,13
BRF:14
BRH:5
end_of_record
TN:
SF:/Users/berni/Desktop/Codeworks/main-course/legacy-project/lukislukis/frontend/src/components/Login/Login.js
FN:4,Login
FN:7,(anonymous_1)
FN:12,(anonymous_2)
FNF:3
FNH:3
FNDA:12,Login
FNDA:3,(anonymous_1)
FNDA:3,(anonymous_2)
DA:5,12
DA:7,12
DA:8,3
DA:9,2
DA:12,12
DA:13,3
DA:16,12
LF:7
LH:7
BRDA:8,0,0,1
BRDA:8,0,1,2
BRF:2
BRH:2
end_of_record
TN:
SF:/Users/berni/Desktop/Codeworks/main-course/legacy-project/lukislukis/frontend/src/components/Tools/Tools.js
FN:8,Tools
FN:13,(anonymous_1)
FN:30,(anonymous_2)
FN:34,(anonymous_3)
FN:39,(anonymous_4)
FN:45,(anonymous_5)
FN:49,(anonymous_6)
FN:53,(anonymous_7)
FN:53,(anonymous_8)
FN:69,(anonymous_9)
FN:73,(anonymous_10)
FN:81,(anonymous_11)
FN:95,(anonymous_12)
FN:109,(anonymous_13)
FNF:14
FNH:14
FNDA:43,Tools
FNDA:1,(anonymous_1)
FNDA:86,(anonymous_2)
FNDA:1,(anonymous_3)
FNDA:1,(anonymous_4)
FNDA:1,(anonymous_5)
FNDA:3,(anonymous_6)
FNDA:129,(anonymous_7)
FNDA:3,(anonymous_8)
FNDA:2,(anonymous_9)
FNDA:34,(anonymous_10)
FNDA:1,(anonymous_11)
FNDA:1,(anonymous_12)
FNDA:3,(anonymous_13)
DA:6,3
DA:9,43
DA:10,43
DA:11,43
DA:13,43
DA:14,1
DA:15,1
DA:16,1
DA:20,1
DA:21,1
DA:26,0
DA:30,43
DA:31,86
DA:34,43
DA:35,1
DA:36,1
DA:39,43
DA:40,1
DA:41,0
DA:45,43
DA:46,1
DA:49,43
DA:50,3
DA:53,129
DA:54,3
DA:55,1
DA:57,3
DA:58,1
DA:60,3
DA:61,1
DA:63,3
DA:64,3
DA:65,3
DA:66,3
DA:69,43
DA:70,2
DA:73,43
DA:74,34
DA:75,14
DA:76,14
DA:77,14
DA:81,43
DA:82,1
DA:83,1
DA:84,1
DA:92,1
DA:95,43
DA:96,1
DA:97,1
DA:98,1
DA:106,1
DA:109,43
DA:110,3
DA:111,3
DA:112,3
DA:118,3
DA:119,3
DA:122,43
LF:58
LH:56
BRDA:15,0,0,1
BRDA:15,0,1,0
BRDA:15,1,0,1
BRDA:15,1,1,1
BRDA:31,2,0,86
BRDA:31,2,1,42
BRDA:40,3,0,0
BRDA:40,3,1,1
BRDA:54,4,0,1
BRDA:54,4,1,2
BRDA:57,5,0,1
BRDA:57,5,1,2
BRDA:60,6,0,1
BRDA:60,6,1,2
BRDA:74,7,0,14
BRDA:74,7,1,20
BRDA:125,8,0,37
BRDA:125,8,1,6
BRF:18
BRH:16
end_of_record
TN:
SF:/Users/berni/Desktop/Codeworks/main-course/legacy-project/lukislukis/frontend/src/components/UserList/UserList.js
FN:4,(anonymous_0)
FN:7,(anonymous_1)
FN:8,(anonymous_2)
FN:19,(anonymous_3)
FNF:4
FNH:4
FNDA:26,(anonymous_0)
FNDA:13,(anonymous_1)
FNDA:11,(anonymous_2)
FNDA:13,(anonymous_3)
DA:4,3
DA:5,26
DA:7,26
DA:8,13
DA:9,11
DA:13,26
DA:20,13
LF:7
LH:7
BRDA:18,0,0,26
BRDA:18,0,1,26
BRF:2
BRH:2
end_of_record
