TN:
SF:/Users/berni/Desktop/Codeworks/main-course/legacy-project/lukislukis/frontend/src/App.js
FN:10,App
FN:14,(anonymous_1)
FN:20,(anonymous_2)
FN:30,(anonymous_3)
FNF:4
FNH:4
FNDA:16,App
FNDA:12,(anonymous_1)
FNDA:9,(anonymous_2)
FNDA:1,(anonymous_3)
DA:8,1
DA:11,16
DA:12,16
DA:14,16
DA:15,12
DA:16,6
DA:20,16
DA:21,9
DA:22,3
DA:23,3
DA:25,6
DA:26,6
DA:30,16
DA:31,1
DA:34,16
LF:15
LH:15
BRDA:15,0,0,6
BRDA:15,0,1,6
BRDA:21,1,0,3
BRDA:21,1,1,6
BRDA:37,2,0,9
BRDA:37,2,1,7
BRF:6
BRH:6
end_of_record
TN:
SF:/Users/berni/Desktop/Codeworks/main-course/legacy-project/lukislukis/frontend/src/index.js
FNF:0
FNH:0
DA:6,0
LF:1
LH:0
BRF:0
BRH:0
end_of_record
TN:
SF:/Users/berni/Desktop/Codeworks/main-course/legacy-project/lukislukis/frontend/src/Services/ApiService.js
FN:3,getResource
FN:8,createResource
FN:19,(anonymous_2)
FN:21,(anonymous_3)
FN:22,(anonymous_4)
FN:23,(anonymous_5)
FNF:6
FNH:6
FNDA:3,getResource
FNDA:2,createResource
FNDA:5,(anonymous_2)
FNDA:5,(anonymous_3)
FNDA:4,(anonymous_4)
FNDA:1,(anonymous_5)
DA:1,3
DA:4,3
DA:5,3
DA:9,2
DA:10,2
DA:19,3
DA:20,5
DA:21,5
DA:22,4
DA:23,1
LF:10
LH:10
BRDA:4,0,0,1
BRDA:4,0,1,2
BRDA:21,1,0,4
BRDA:21,1,1,1
BRDA:22,2,0,3
BRDA:22,2,1,1
BRF:6
BRH:6
end_of_record
TN:
SF:/Users/berni/Desktop/Codeworks/main-course/legacy-project/lukislukis/frontend/src/components/Canvas/Canvas.js
FN:8,Canvas
FN:13,(anonymous_1)
FN:23,(anonymous_2)
FN:25,(anonymous_3)
FN:26,(anonymous_4)
FN:30,(anonymous_5)
FN:33,(anonymous_6)
FN:39,(anonymous_7)
FN:40,(anonymous_8)
FN:41,(anonymous_9)
FN:43,(anonymous_10)
FN:51,(anonymous_11)
FN:52,(anonymous_12)
FN:56,(anonymous_13)
FN:66,(anonymous_14)
FNF:15
FNH:13
FNDA:39,Canvas
FNDA:8,(anonymous_1)
FNDA:16,(anonymous_2)
FNDA:16,(anonymous_3)
FNDA:15,(anonymous_4)
FNDA:0,(anonymous_5)
FNDA:0,(anonymous_6)
FNDA:16,(anonymous_7)
FNDA:4,(anonymous_8)
FNDA:4,(anonymous_9)
FNDA:2,(anonymous_10)
FNDA:8,(anonymous_11)
FNDA:8,(anonymous_12)
FNDA:7,(anonymous_13)
FNDA:2,(anonymous_14)
DA:9,39
DA:10,39
DA:11,39
DA:13,39
DA:14,8
DA:23,39
DA:24,16
DA:25,16
DA:26,16
DA:27,16
DA:28,8
DA:29,6
DA:30,6
DA:33,2
DA:39,39
DA:40,16
DA:41,16
DA:42,4
DA:43,2
DA:44,2
DA:45,2
DA:51,39
DA:52,8
DA:53,8
DA:54,8
DA:55,7
DA:56,7
DA:57,7
DA:58,7
DA:61,1
DA:66,39
DA:67,2
DA:68,1
DA:72,39
LF:34
LH:34
BRDA:27,0,0,8
BRDA:27,0,1,8
BRDA:28,1,0,6
BRDA:28,1,1,2
BRDA:28,2,0,8
BRDA:28,2,1,6
BRDA:42,3,0,2
BRDA:42,3,1,2
BRDA:54,4,0,7
BRDA:54,4,1,1
BRDA:67,5,0,1
BRDA:67,5,1,1
BRDA:85,6,0,24
BRDA:85,6,1,15
BRF:14
BRH:14
end_of_record
TN:
SF:/Users/berni/Desktop/Codeworks/main-course/legacy-project/lukislukis/frontend/src/components/Login/Login.js
FN:4,Login
FN:7,(anonymous_1)
FN:12,(anonymous_2)
FNF:3
FNH:3
FNDA:6,Login
FNDA:2,(anonymous_1)
FNDA:2,(anonymous_2)
DA:5,6
DA:7,6
DA:8,2
DA:9,1
DA:12,6
DA:13,2
DA:16,6
LF:7
LH:7
BRDA:8,0,0,1
BRDA:8,0,1,1
BRF:2
BRH:2
end_of_record
TN:
SF:/Users/berni/Desktop/Codeworks/main-course/legacy-project/lukislukis/frontend/src/components/Tools/Tools.js
FN:8,Tools
FN:13,(anonymous_1)
FN:30,(anonymous_2)
FN:34,(anonymous_3)
FN:39,(anonymous_4)
FN:45,(anonymous_5)
FN:49,(anonymous_6)
FN:53,(anonymous_7)
FN:53,(anonymous_8)
FN:69,(anonymous_9)
FN:73,(anonymous_10)
FN:81,(anonymous_11)
FN:95,(anonymous_12)
FN:109,(anonymous_13)
FNF:14
FNH:14
FNDA:27,Tools
FNDA:2,(anonymous_1)
FNDA:54,(anonymous_2)
FNDA:2,(anonymous_3)
FNDA:2,(anonymous_4)
FNDA:1,(anonymous_5)
FNDA:3,(anonymous_6)
FNDA:81,(anonymous_7)
FNDA:3,(anonymous_8)
FNDA:2,(anonymous_9)
FNDA:27,(anonymous_10)
FNDA:1,(anonymous_11)
FNDA:1,(anonymous_12)
FNDA:3,(anonymous_13)
DA:6,1
DA:9,27
DA:10,27
DA:11,27
DA:13,27
DA:14,2
DA:15,2
DA:16,1
DA:20,1
DA:21,1
DA:26,1
DA:30,27
DA:31,54
DA:34,27
DA:35,2
DA:36,2
DA:39,27
DA:40,2
DA:41,1
DA:45,27
DA:46,1
DA:49,27
DA:50,3
DA:53,81
DA:54,3
DA:55,1
DA:57,3
DA:58,1
DA:60,3
DA:61,1
DA:63,3
DA:64,3
DA:65,3
DA:66,3
DA:69,27
DA:70,2
DA:73,27
DA:74,27
DA:75,16
DA:76,16
DA:77,16
DA:81,27
DA:82,1
DA:83,1
DA:84,1
DA:92,1
DA:95,27
DA:96,1
DA:97,1
DA:98,1
DA:106,1
DA:109,27
DA:110,3
DA:111,3
DA:112,3
DA:118,3
DA:119,3
DA:122,27
LF:58
LH:58
BRDA:15,0,0,1
BRDA:15,0,1,1
BRDA:15,1,0,2
BRDA:15,1,1,2
BRDA:31,2,0,54
BRDA:31,2,1,8
BRDA:40,3,0,1
BRDA:40,3,1,1
BRDA:54,4,0,1
BRDA:54,4,1,2
BRDA:57,5,0,1
BRDA:57,5,1,2
BRDA:60,6,0,1
BRDA:60,6,1,2
BRDA:74,7,0,16
BRDA:74,7,1,11
BRDA:125,8,0,21
BRDA:125,8,1,6
BRF:18
BRH:18
end_of_record
TN:
SF:/Users/berni/Desktop/Codeworks/main-course/legacy-project/lukislukis/frontend/src/components/UserList/UserList.js
FN:4,(anonymous_0)
FN:7,(anonymous_1)
FN:8,(anonymous_2)
FN:19,(anonymous_3)
FNF:4
FNH:4
FNDA:8,(anonymous_0)
FNDA:4,(anonymous_1)
FNDA:4,(anonymous_2)
FNDA:6,(anonymous_3)
DA:4,1
DA:5,8
DA:7,8
DA:8,4
DA:9,4
DA:13,8
DA:20,6
LF:7
LH:7
BRDA:18,0,0,8
BRDA:18,0,1,8
BRF:2
BRH:2
end_of_record
