{"/home/davkedav/Extension/Projects/Codeworks/main/projects/lukislukis/backend/app.js": {"path":"/home/davkedav/Extension/Projects/Codeworks/main/projects/lukislukis/backend/app.js","statementMap":{"0":{"start":{"line":1,"column":16},"end":{"line":1,"column":34}},"1":{"start":{"line":2,"column":13},"end":{"line":2,"column":28}},"2":{"start":{"line":3,"column":15},"end":{"line":3,"column":32}},"3":{"start":{"line":5,"column":15},"end":{"line":5,"column":41}},"4":{"start":{"line":7,"column":12},"end":{"line":7,"column":21}},"5":{"start":{"line":9,"column":0},"end":{"line":9,"column":16}},"6":{"start":{"line":10,"column":0},"end":{"line":10,"column":18}},"7":{"start":{"line":11,"column":0},"end":{"line":11,"column":68}},"8":{"start":{"line":12,"column":0},"end":{"line":12,"column":64}},"9":{"start":{"line":13,"column":0},"end":{"line":13,"column":16}},"10":{"start":{"line":14,"column":0},"end":{"line":17,"column":3}},"11":{"start":{"line":15,"column":2},"end":{"line":15,"column":18}},"12":{"start":{"line":16,"column":2},"end":{"line":16,"column":49}},"13":{"start":{"line":19,"column":0},"end":{"line":19,"column":21}}},"fnMap":{"0":{"name":"(anonymous_0)","decl":{"start":{"line":14,"column":13},"end":{"line":14,"column":14}},"loc":{"start":{"line":14,"column":27},"end":{"line":17,"column":1}},"line":14}},"branchMap":{},"s":{"0":1,"1":1,"2":1,"3":1,"4":1,"5":1,"6":1,"7":1,"8":1,"9":1,"10":1,"11":2,"12":2,"13":1},"f":{"0":2},"b":{},"_coverageSchema":"1a1c01bbd47fc00a2c39e90264f33305004495a9","hash":"194a8a0397c7615a7ff82b5cfea9a40766f2dc16"}
,"/home/davkedav/Extension/Projects/Codeworks/main/projects/lukislukis/backend/controller/controller.js": {"path":"/home/davkedav/Extension/Projects/Codeworks/main/projects/lukislukis/backend/controller/controller.js","statementMap":{"0":{"start":{"line":1,"column":15},"end":{"line":1,"column":42}},"1":{"start":{"line":3,"column":0},"end":{"line":14,"column":2}},"2":{"start":{"line":4,"column":2},"end":{"line":13,"column":3}},"3":{"start":{"line":5,"column":17},"end":{"line":5,"column":68}},"4":{"start":{"line":6,"column":4},"end":{"line":6,"column":70}},"5":{"start":{"line":6,"column":17},"end":{"line":6,"column":70}},"6":{"start":{"line":7,"column":4},"end":{"line":7,"column":20}},"7":{"start":{"line":8,"column":4},"end":{"line":8,"column":21}},"8":{"start":{"line":10,"column":4},"end":{"line":10,"column":25}},"9":{"start":{"line":11,"column":4},"end":{"line":11,"column":20}},"10":{"start":{"line":12,"column":4},"end":{"line":12,"column":20}},"11":{"start":{"line":16,"column":0},"end":{"line":27,"column":2}},"12":{"start":{"line":17,"column":2},"end":{"line":26,"column":3}},"13":{"start":{"line":18,"column":19},"end":{"line":18,"column":55}},"14":{"start":{"line":19,"column":4},"end":{"line":19,"column":87}},"15":{"start":{"line":19,"column":17},"end":{"line":19,"column":87}},"16":{"start":{"line":20,"column":4},"end":{"line":20,"column":20}},"17":{"start":{"line":21,"column":4},"end":{"line":21,"column":21}},"18":{"start":{"line":23,"column":4},"end":{"line":23,"column":25}},"19":{"start":{"line":24,"column":4},"end":{"line":24,"column":20}},"20":{"start":{"line":25,"column":4},"end":{"line":25,"column":20}},"21":{"start":{"line":29,"column":0},"end":{"line":39,"column":2}},"22":{"start":{"line":30,"column":2},"end":{"line":38,"column":3}},"23":{"start":{"line":32,"column":19},"end":{"line":32,"column":42}},"24":{"start":{"line":33,"column":4},"end":{"line":33,"column":20}},"25":{"start":{"line":34,"column":4},"end":{"line":34,"column":21}},"26":{"start":{"line":36,"column":4},"end":{"line":36,"column":25}},"27":{"start":{"line":37,"column":4},"end":{"line":37,"column":24}},"28":{"start":{"line":41,"column":0},"end":{"line":63,"column":2}},"29":{"start":{"line":43,"column":2},"end":{"line":62,"column":3}},"30":{"start":{"line":44,"column":22},"end":{"line":54,"column":5}},"31":{"start":{"line":55,"column":4},"end":{"line":55,"column":85}},"32":{"start":{"line":55,"column":20},"end":{"line":55,"column":85}},"33":{"start":{"line":56,"column":4},"end":{"line":56,"column":20}},"34":{"start":{"line":57,"column":4},"end":{"line":57,"column":24}},"35":{"start":{"line":59,"column":4},"end":{"line":59,"column":25}},"36":{"start":{"line":60,"column":4},"end":{"line":60,"column":20}},"37":{"start":{"line":61,"column":4},"end":{"line":61,"column":20}}},"fnMap":{"0":{"name":"(anonymous_0)","decl":{"start":{"line":3,"column":24},"end":{"line":3,"column":25}},"loc":{"start":{"line":3,"column":44},"end":{"line":14,"column":1}},"line":3},"1":{"name":"(anonymous_1)","decl":{"start":{"line":16,"column":20},"end":{"line":16,"column":21}},"loc":{"start":{"line":16,"column":40},"end":{"line":27,"column":1}},"line":16},"2":{"name":"(anonymous_2)","decl":{"start":{"line":29,"column":21},"end":{"line":29,"column":22}},"loc":{"start":{"line":29,"column":41},"end":{"line":39,"column":1}},"line":29},"3":{"name":"(anonymous_3)","decl":{"start":{"line":41,"column":20},"end":{"line":41,"column":21}},"loc":{"start":{"line":41,"column":40},"end":{"line":63,"column":1}},"line":41}},"branchMap":{"0":{"loc":{"start":{"line":6,"column":4},"end":{"line":6,"column":70}},"type":"if","locations":[{"start":{"line":6,"column":4},"end":{"line":6,"column":70}},{"start":{"line":6,"column":4},"end":{"line":6,"column":70}}],"line":6},"1":{"loc":{"start":{"line":19,"column":4},"end":{"line":19,"column":87}},"type":"if","locations":[{"start":{"line":19,"column":4},"end":{"line":19,"column":87}},{"start":{"line":19,"column":4},"end":{"line":19,"column":87}}],"line":19},"2":{"loc":{"start":{"line":55,"column":4},"end":{"line":55,"column":85}},"type":"if","locations":[{"start":{"line":55,"column":4},"end":{"line":55,"column":85}},{"start":{"line":55,"column":4},"end":{"line":55,"column":85}}],"line":55}},"s":{"0":1,"1":1,"2":1,"3":1,"4":1,"5":1,"6":1,"7":1,"8":0,"9":0,"10":0,"11":1,"12":2,"13":2,"14":1,"15":0,"16":1,"17":1,"18":1,"19":1,"20":1,"21":1,"22":1,"23":1,"24":1,"25":1,"26":0,"27":0,"28":1,"29":2,"30":2,"31":1,"32":0,"33":1,"34":1,"35":1,"36":1,"37":1},"f":{"0":1,"1":2,"2":1,"3":2},"b":{"0":[1,0],"1":[0,1],"2":[0,1]},"_coverageSchema":"1a1c01bbd47fc00a2c39e90264f33305004495a9","hash":"07f46a4cd9d299338cf9bb0b14a6fc5be583f784"}
,"/home/davkedav/Extension/Projects/Codeworks/main/projects/lukislukis/backend/models/canvas.js": {"path":"/home/davkedav/Extension/Projects/Codeworks/main/projects/lukislukis/backend/models/canvas.js","statementMap":{"0":{"start":{"line":1,"column":17},"end":{"line":1,"column":36}},"1":{"start":{"line":3,"column":21},"end":{"line":26,"column":2}},"2":{"start":{"line":28,"column":0},"end":{"line":28,"column":56}}},"fnMap":{},"branchMap":{},"s":{"0":2,"1":2,"2":2},"f":{},"b":{},"_coverageSchema":"1a1c01bbd47fc00a2c39e90264f33305004495a9","hash":"56dcd6cba3264a48f681faf123bd5a887366af64"}
,"/home/davkedav/Extension/Projects/Codeworks/main/projects/lukislukis/backend/routes/router.js": {"path":"/home/davkedav/Extension/Projects/Codeworks/main/projects/lukislukis/backend/routes/router.js","statementMap":{"0":{"start":{"line":1,"column":15},"end":{"line":1,"column":42}},"1":{"start":{"line":2,"column":19},"end":{"line":2,"column":54}},"2":{"start":{"line":4,"column":0},"end":{"line":4,"column":53}},"3":{"start":{"line":5,"column":0},"end":{"line":5,"column":48}},"4":{"start":{"line":6,"column":0},"end":{"line":6,"column":46}},"5":{"start":{"line":7,"column":0},"end":{"line":7,"column":44}},"6":{"start":{"line":9,"column":0},"end":{"line":9,"column":24}}},"fnMap":{},"branchMap":{},"s":{"0":1,"1":1,"2":1,"3":1,"4":1,"5":1,"6":1},"f":{},"b":{},"_coverageSchema":"1a1c01bbd47fc00a2c39e90264f33305004495a9","hash":"89dc9a757499fdcd57cc17af9e968534a4410ffd"}
}
